# JRE version: OpenJDK Runtime Environment (8.0_242-b01) (build 1.8.0_242-release-1644-b01)
# Java VM: OpenJDK 64-Bit Server VM (25.242-b01 mixed mode windows-amd64 compressed oops)
Heap:
 PSYoungGen      total 140800K, used 61078K [0x000000076b780000, 0x0000000777d80000, 0x00000007c0000000)
  eden space 130048K, 38% used [0x000000076b780000,0x000000076e8aae10,0x0000000773680000)
  from space 10752K, 99% used [0x0000000774100000,0x0000000774b7acb8,0x0000000774b80000)
  to   space 10752K, 0% used [0x0000000773680000,0x0000000773680000,0x0000000774100000)
 ParOldGen       total 111616K, used 45129K [0x00000006c2600000, 0x00000006c9300000, 0x000000076b780000)
  object space 111616K, 40% used [0x00000006c2600000,0x00000006c5212790,0x00000006c9300000)
 Metaspace       used 47152K, capacity 47964K, committed 48128K, reserved 1091584K
  class space    used 5866K, capacity 6132K, committed 6144K, reserved 1048576K
GC Heap History (10 events):
Event: 1.053 GC heap before
{Heap before GC invocations=2 (full 0):
 PSYoungGen      total 75776K, used 30903K [0x000000076b780000, 0x0000000774b80000, 0x00000007c0000000)
  eden space 65024K, 31% used [0x000000076b780000,0x000000076cb32578,0x000000076f700000)
  from space 10752K, 99% used [0x000000076f700000,0x000000077017b920,0x0000000770180000)
  to   space 10752K, 0% used [0x0000000774100000,0x0000000774100000,0x0000000774b80000)
 ParOldGen       total 173568K, used 4680K [0x00000006c2600000, 0x00000006ccf80000, 0x000000076b780000)
  object space 173568K, 2% used [0x00000006c2600000,0x00000006c2a922e0,0x00000006ccf80000)
 Metaspace       used 20757K, capacity 21174K, committed 21296K, reserved 1069056K
  class space    used 2477K, capacity 2628K, committed 2688K, reserved 1048576K
Event: 1.060 GC heap after
Heap after GC invocations=2 (full 0):
 PSYoungGen      total 140800K, used 9752K [0x000000076b780000, 0x0000000774b80000, 0x00000007c0000000)
  eden space 130048K, 0% used [0x000000076b780000,0x000000076b780000,0x0000000773680000)
  from space 10752K, 90% used [0x0000000774100000,0x0000000774a861f8,0x0000000774b80000)
  to   space 10752K, 0% used [0x0000000773680000,0x0000000773680000,0x0000000774100000)
 ParOldGen       total 173568K, used 4752K [0x00000006c2600000, 0x00000006ccf80000, 0x000000076b780000)
  object space 173568K, 2% used [0x00000006c2600000,0x00000006c2aa42f0,0x00000006ccf80000)
 Metaspace       used 20757K, capacity 21174K, committed 21296K, reserved 1069056K
  class space    used 2477K, capacity 2628K, committed 2688K, reserved 1048576K
}
Event: 1.060 GC heap before
{Heap before GC invocations=3 (full 1):
 PSYoungGen      total 140800K, used 9752K [0x000000076b780000, 0x0000000774b80000, 0x00000007c0000000)
  eden space 130048K, 0% used [0x000000076b780000,0x000000076b780000,0x0000000773680000)
  from space 10752K, 90% used [0x0000000774100000,0x0000000774a861f8,0x0000000774b80000)
  to   space 10752K, 0% used [0x0000000773680000,0x0000000773680000,0x0000000774100000)
 ParOldGen       total 173568K, used 4752K [0x00000006c2600000, 0x00000006ccf80000, 0x000000076b780000)
  object space 173568K, 2% used [0x00000006c2600000,0x00000006c2aa42f0,0x00000006ccf80000)
 Metaspace       used 20757K, capacity 21174K, committed 21296K, reserved 1069056K
  class space    used 2477K, capacity 2628K, committed 2688K, reserved 1048576K
Event: 1.082 GC heap after
Heap after GC invocations=3 (full 1):
 PSYoungGen      total 140800K, used 0K [0x000000076b780000, 0x0000000774b80000, 0x00000007c0000000)
  eden space 130048K, 0% used [0x000000076b780000,0x000000076b780000,0x0000000773680000)
  from space 10752K, 0% used [0x0000000774100000,0x0000000774100000,0x0000000774b80000)
  to   space 10752K, 0% used [0x0000000773680000,0x0000000773680000,0x0000000774100000)
 ParOldGen       total 111616K, used 9377K [0x00000006c2600000, 0x00000006c9300000, 0x000000076b780000)
  object space 111616K, 8% used [0x00000006c2600000,0x00000006c2f28550,0x00000006c9300000)
 Metaspace       used 20757K, capacity 21174K, committed 21296K, reserved 1069056K
  class space    used 2477K, capacity 2628K, committed 2688K, reserved 1048576K
}
Event: 2.202 GC heap before
{Heap before GC invocations=4 (full 1):
 PSYoungGen      total 140800K, used 105342K [0x000000076b780000, 0x0000000774b80000, 0x00000007c0000000)
  eden space 130048K, 81% used [0x000000076b780000,0x0000000771e5fb20,0x0000000773680000)
  from space 10752K, 0% used [0x0000000774100000,0x0000000774100000,0x0000000774b80000)
  to   space 10752K, 0% used [0x0000000773680000,0x0000000773680000,0x0000000774100000)
 ParOldGen       total 111616K, used 9377K [0x00000006c2600000, 0x00000006c9300000, 0x000000076b780000)
  object space 111616K, 8% used [0x00000006c2600000,0x00000006c2f28550,0x00000006c9300000)
 Metaspace       used 34880K, capacity 35360K, committed 35496K, reserved 1081344K
  class space    used 4459K, capacity 4592K, committed 4608K, reserved 1048576K
Event: 2.217 GC heap after
Heap after GC invocations=4 (full 1):
 PSYoungGen      total 140800K, used 10723K [0x000000076b780000, 0x0000000774b80000, 0x00000007c0000000)
  eden space 130048K, 0% used [0x000000076b780000,0x000000076b780000,0x0000000773680000)
  from space 10752K, 99% used [0x0000000773680000,0x00000007740f8c70,0x0000000774100000)
  to   space 10752K, 0% used [0x0000000774100000,0x0000000774100000,0x0000000774b80000)
 ParOldGen       total 111616K, used 23222K [0x00000006c2600000, 0x00000006c9300000, 0x000000076b780000)
  object space 111616K, 20% used [0x00000006c2600000,0x00000006c3cad9f0,0x00000006c9300000)
 Metaspace       used 34880K, capacity 35360K, committed 35496K, reserved 1081344K
  class space    used 4459K, capacity 4592K, committed 4608K, reserved 1048576K
}
Event: 2.217 GC heap before
{Heap before GC invocations=5 (full 2):
 PSYoungGen      total 140800K, used 10723K [0x000000076b780000, 0x0000000774b80000, 0x00000007c0000000)
  eden space 130048K, 0% used [0x000000076b780000,0x000000076b780000,0x0000000773680000)
  from space 10752K, 99% used [0x0000000773680000,0x00000007740f8c70,0x0000000774100000)
  to   space 10752K, 0% used [0x0000000774100000,0x0000000774100000,0x0000000774b80000)
 ParOldGen       total 111616K, used 23222K [0x00000006c2600000, 0x00000006c9300000, 0x000000076b780000)
  object space 111616K, 20% used [0x00000006c2600000,0x00000006c3cad9f0,0x00000006c9300000)
 Metaspace       used 34880K, capacity 35360K, committed 35496K, reserved 1081344K
  class space    used 4459K, capacity 4592K, committed 4608K, reserved 1048576K
Event: 2.258 GC heap after
Heap after GC invocations=5 (full 2):
 PSYoungGen      total 140800K, used 0K [0x000000076b780000, 0x0000000774b80000, 0x00000007c0000000)
  eden space 130048K, 0% used [0x000000076b780000,0x000000076b780000,0x0000000773680000)
  from space 10752K, 0% used [0x0000000773680000,0x0000000773680000,0x0000000774100000)
  to   space 10752K, 0% used [0x0000000774100000,0x0000000774100000,0x0000000774b80000)
 ParOldGen       total 111616K, used 29821K [0x00000006c2600000, 0x00000006c9300000, 0x000000076b780000)
  object space 111616K, 26% used [0x00000006c2600000,0x00000006c431f5d8,0x00000006c9300000)
 Metaspace       used 34880K, capacity 35360K, committed 35496K, reserved 1081344K
  class space    used 4459K, capacity 4592K, committed 4608K, reserved 1048576K
}
Event: 3.805 GC heap before
{Heap before GC invocations=6 (full 2):
 PSYoungGen      total 140800K, used 130048K [0x000000076b780000, 0x0000000774b80000, 0x00000007c0000000)
  eden space 130048K, 100% used [0x000000076b780000,0x0000000773680000,0x0000000773680000)
  from space 10752K, 0% used [0x0000000773680000,0x0000000773680000,0x0000000774100000)
  to   space 10752K, 0% used [0x0000000774100000,0x0000000774100000,0x0000000774b80000)
 ParOldGen       total 111616K, used 29821K [0x00000006c2600000, 0x00000006c9300000, 0x000000076b780000)
  object space 111616K, 26% used [0x00000006c2600000,0x00000006c431f5d8,0x00000006c9300000)
 Metaspace       used 44598K, capacity 45310K, committed 45696K, reserved 1089536K
  class space    used 5534K, capacity 5731K, committed 5760K, reserved 1048576K
Event: 3.826 GC heap after
Heap after GC invocations=6 (full 2):
 PSYoungGen      total 140800K, used 10731K [0x000000076b780000, 0x0000000777d80000, 0x00000007c0000000)
  eden space 130048K, 0% used [0x000000076b780000,0x000000076b780000,0x0000000773680000)
  from space 10752K, 99% used [0x0000000774100000,0x0000000774b7acb8,0x0000000774b80000)
  to   space 10752K, 0% used [0x0000000773680000,0x0000000773680000,0x0000000774100000)
 ParOldGen       total 111616K, used 45129K [0x00000006c2600000, 0x00000006c9300000, 0x000000076b780000)
  object space 111616K, 40% used [0x00000006c2600000,0x00000006c5212790,0x00000006c9300000)
 Metaspace       used 44598K, capacity 45310K, committed 45696K, reserved 1089536K
  class space    used 5534K, capacity 5731K, committed 5760K, reserved 1048576K
}

